<?xml version="1.0" encoding="UTF-8"?>
<coverage generated="1623298943920" clover="3.2.0">
  <project timestamp="1623298943920" name="All files">
    <metrics statements="20" coveredstatements="20" conditionals="12" coveredconditionals="11" methods="5" coveredmethods="5" elements="37" coveredelements="36" complexity="0" loc="20" ncloc="20" packages="1" files="2" classes="2"/>
    <file name="gradeCalculations.js" path="B:\JavaScript-from-scratch\testing\gradeCalculations.js">
      <metrics statements="14" coveredstatements="14" conditionals="4" coveredconditionals="3" methods="4" coveredmethods="4"/>
      <line num="1" count="1" type="stmt"/>
      <line num="2" count="12" type="stmt"/>
      <line num="3" count="3" type="cond" truecount="1" falsecount="1"/>
      <line num="5" count="12" type="stmt"/>
      <line num="6" count="3" type="stmt"/>
      <line num="9" count="1" type="stmt"/>
      <line num="10" count="2" type="stmt"/>
      <line num="11" count="2" type="stmt"/>
      <line num="13" count="2" type="cond" truecount="2" falsecount="0"/>
      <line num="14" count="1" type="stmt"/>
      <line num="15" count="1" type="stmt"/>
      <line num="17" count="1" type="stmt"/>
      <line num="18" count="1" type="stmt"/>
      <line num="22" count="1" type="stmt"/>
    </file>
    <file name="index.js" path="B:\JavaScript-from-scratch\testing\index.js">
      <metrics statements="6" coveredstatements="6" conditionals="8" coveredconditionals="8" methods="1" coveredmethods="1"/>
      <line num="7" count="5" type="cond" truecount="4" falsecount="0"/>
      <line num="8" count="1" type="stmt"/>
      <line num="9" count="4" type="cond" truecount="4" falsecount="0"/>
      <line num="10" count="1" type="stmt"/>
      <line num="12" count="3" type="stmt"/>
      <line num="15" count="1" type="stmt"/>
    </file>
  </project>
</coverage>
