TN:
SF:gradeCalculations.js
FN:1,(anonymous_0)
FN:2,(anonymous_1)
FN:5,(anonymous_2)
FN:9,(anonymous_3)
FNF:4
FNH:4
FNDA:3,(anonymous_0)
FNDA:12,(anonymous_1)
FNDA:12,(anonymous_2)
FNDA:2,(anonymous_3)
DA:1,1
DA:2,12
DA:3,3
DA:5,12
DA:6,3
DA:9,1
DA:10,2
DA:11,2
DA:13,2
DA:14,1
DA:15,1
DA:17,1
DA:18,1
DA:22,1
LF:14
LH:14
BRDA:3,0,0,0
BRDA:3,0,1,3
BRDA:13,1,0,1
BRDA:13,1,1,1
BRF:4
BRH:3
end_of_record
TN:
SF:index.js
FN:6,findMin
FNF:1
FNH:1
FNDA:5,findMin
DA:7,5
DA:8,1
DA:9,4
DA:10,1
DA:12,3
DA:15,1
LF:6
LH:6
BRDA:7,0,0,1
BRDA:7,0,1,4
BRDA:7,1,0,5
BRDA:7,1,1,3
BRDA:9,2,0,1
BRDA:9,2,1,3
BRDA:9,3,0,4
BRDA:9,3,1,1
BRF:8
BRH:8
end_of_record
